#
# A fatal error has been detected by the Java Runtime Environment:
#
#  SIGSEGV (0xb) at pc=0x00007fc8b3c50d94, pid=20409, tid=0x00007fc896ae8700
#
# JRE version: Java(TM) SE Runtime Environment (8.0_101-b13) (build 1.8.0_101-b13)
# Java VM: Java HotSpot(TM) 64-Bit Server VM (25.101-b13 mixed mode linux-amd64 compressed oops)
# Problematic frame:
# V  [libjvm.so+0x8acd94]  Method::checked_resolve_jmethod_id(_jmethodID*)+0x34
#
# Failed to write core dump. Core dumps have been disabled. To enable core dumping, try "ulimit -c unlimited" before starting Java again
#
# If you would like to submit a bug report, please visit:
#   http://bugreport.java.com/bugreport/crash.jsp
#

---------------  T H R E A D  ---------------

Current thread (0x00007fc8ac0cb000):  JavaThread "JDWP Transport Listener: dt_socket" daemon [_thread_in_vm, id=20426, stack(0x00007fc8969e8000,0x00007fc896ae9000)]

siginfo: si_signo: 11 (SIGSEGV), si_code: 128 (SI_KERNEL), si_addr: 0x0000000000000000

Registers:
RAX=0x00007fc868000f10, RBX=0x00007fc868002430, RCX=0x00007fc8b4db7320, RDX=0x00007fc8b4365e80
RSP=0x00007fc896ae7970, RBP=0x00007fc896ae7980, RSI=0x00007fc8ac0cb000, RDI=0x00007fc868002430
R8 =0x00007fc8ac0c2f70, R9 =0x0000000000000000, R10=0x0000000000000001, R11=0x00007fc870014f08
R12=0x0000000000000017, R13=0x00007fc868002700, R14=0x00007fc8ac0cb000, R15=0x00007fc896ae7a87
RIP=0x00007fc8b3c50d94, EFLAGS=0x0000000000010216, CSGSFS=0x002b000000000033, ERR=0x0000000000000000
  TRAPNO=0x000000000000000d

Top of Stack: (sp=0x00007fc896ae7970)
0x00007fc896ae7970:   0000000000000074 00007fc8ac0081c0
0x00007fc896ae7980:   00007fc896ae79f0 00007fc8b3addefe
0x00007fc896ae7990:   00007fc8ac0081c0 00007fc896ae79a0
0x00007fc896ae79a0:   00007fc8ac0cb000 0000000000000000
0x00007fc896ae79b0:   00007fc800000000 0000000000000000
0x00007fc896ae79c0:   00007fc896ae79d0 00007fc8b29c2e40
0x00007fc896ae79d0:   00007fc868002700 00007fc896ae7a87
0x00007fc896ae79e0:   0000000000000000 00007fc896ae7a87
0x00007fc896ae79f0:   00007fc896ae7a20 00007fc8b27ae8c2
0x00007fc896ae7a00:   00007fc896ae7a20 00007fc868002700
0x00007fc896ae7a10:   00007fc896ae7af0 0000000000000000
0x00007fc896ae7a20:   00007fc896ae7ab0 00007fc8b278faa0
0x00007fc896ae7a30:   00007fc896ae7a68 00007fc896ae7a60
0x00007fc896ae7a40:   00007fc896ae7a58 00007fc896ae7a7c
0x00007fc896ae7a50:   0000000170003260 0000000000000000
0x00007fc896ae7a60:   0000000000000000 0000000000000000
0x00007fc896ae7a70:   00007fc8680026d0 00007fc896ae7af0
0x00007fc896ae7a80:   0000000000000004 0000000000000002
0x00007fc896ae7a90:   000000000000000f 0000000000000002
0x00007fc896ae7aa0:   00000000000f0200 000000000000000f
0x00007fc896ae7ab0:   00007fc896ae7d00 00007fc8b279a9c6
0x00007fc896ae7ac0:   000003ab00000013 00007fc8b30f0200
0x00007fc896ae7ad0:   00007fc868002850 0000000000000000
0x00007fc896ae7ae0:   00007fc896ae7af0 00007fc896ae7c80
0x00007fc896ae7af0:   00007fc896ae7b44 0000000000000128
0x00007fc896ae7b00:   00007fc896ae7b08 00007fc800000004
0x00007fc896ae7b10:   00007fc896ae7b40 0000000000000000
0x00007fc896ae7b20:   00007f0000000000 000003ab0000003b
0x00007fc896ae7b30:   00007fc800007c80 00007fc896ae7b40
0x00007fc896ae7b40:   6d6f634c04000000 6c616f696c656e2f
0x00007fc896ae7b50:   737275632f736576 6f7365722f636d6f
0x00007fc896ae7b60:   74752f7365637275 3b4c52552f736c69 

Instructions: (pc=0x00007fc8b3c50d94)
0x00007fc8b3c50d74:   83 c4 08 5b c9 c3 66 0f 1f 44 00 00 48 8b 1f 48
0x00007fc8b3c50d84:   85 db 74 e6 48 83 fb 37 74 e0 48 8b 03 48 89 df
0x00007fc8b3c50d94:   ff 50 10 84 c0 0f 1f 80 00 00 00 00 75 ce 66 0f
0x00007fc8b3c50da4:   1f 44 00 00 eb c4 66 0f 1f 44 00 00 55 48 89 e5 

Register to memory mapping:

RAX=0x00007fc868000f10 is an unknown value
RBX=0x00007fc868002430 is an unknown value
RCX=0x00007fc8b4db7320: <offset 0x21a320> in /lib/x86_64-linux-gnu/libpthread.so.0 at 0x00007fc8b4b9d000
RDX=0x00007fc8b4365e80: <offset 0xfc1e80> in /opt/jdk/jdk1.8.0_101/jre/lib/amd64/server/libjvm.so at 0x00007fc8b33a4000
RSP=0x00007fc896ae7970 is pointing into the stack for thread: 0x00007fc8ac0cb000
RBP=0x00007fc896ae7980 is pointing into the stack for thread: 0x00007fc8ac0cb000
RSI=0x00007fc8ac0cb000 is a thread
RDI=0x00007fc868002430 is an unknown value
R8 =0x00007fc8ac0c2f70 is an unknown value
R9 =0x0000000000000000 is an unknown value
R10=0x0000000000000001 is an unknown value
R11=0x00007fc870014f08 is an unknown value
R12=0x0000000000000017 is an unknown value
R13=0x00007fc868002700 is an unknown value
R14=0x00007fc8ac0cb000 is a thread
R15=0x00007fc896ae7a87 is pointing into the stack for thread: 0x00007fc8ac0cb000


Stack: [0x00007fc8969e8000,0x00007fc896ae9000],  sp=0x00007fc896ae7970,  free space=1022k
Native frames: (J=compiled Java code, j=interpreted, Vv=VM code, C=native code)
V  [libjvm.so+0x8acd94]  Method::checked_resolve_jmethod_id(_jmethodID*)+0x34
V  [libjvm.so+0x739efe]  jvmti_IsMethodSynthetic+0x2be
C  [libjdwp.so+0x258c2]  isMethodSynthetic+0x42
C  [libjdwp.so+0x6aa0]  methods1+0x1b0
C  [libjdwp.so+0x119c6]  debugLoop_run+0x2b6
C  [libjdwp.so+0x247ff]  attachThread+0x2f
V  [libjvm.so+0x7a63e2]  JvmtiAgentThread::call_start_function()+0xc2
V  [libjvm.so+0xa7343f]  JavaThread::thread_main_inner()+0xdf
V  [libjvm.so+0xa7356c]  JavaThread::run()+0x11c
V  [libjvm.so+0x924698]  java_start(Thread*)+0x108
C  [libpthread.so.0+0x76db]  start_thread+0xdb


---------------  P R O C E S S  ---------------

Java Threads: ( => current thread )
  0x00007fc8300ed000 JavaThread "http-nio-8080-Acceptor" daemon [_thread_in_native, id=20837, stack(0x00007fc8952ff000,0x00007fc895400000)]
  0x00007fc8300ec000 JavaThread "http-nio-8080-ClientPoller" daemon [_thread_in_native, id=20836, stack(0x00007fc895400000,0x00007fc895501000)]
  0x00007fc8300d1800 JavaThread "http-nio-8080-exec-10" daemon [_thread_blocked, id=20835, stack(0x00007fc8951fe000,0x00007fc8952ff000)]
  0x00007fc8300d0000 JavaThread "http-nio-8080-exec-9" daemon [_thread_blocked, id=20834, stack(0x00007fc8232fb000,0x00007fc8233fc000)]
  0x00007fc8300ce800 JavaThread "http-nio-8080-exec-8" daemon [_thread_blocked, id=20833, stack(0x00007fc8226ef000,0x00007fc8227f0000)]
  0x00007fc8300cd800 JavaThread "http-nio-8080-exec-7" daemon [_thread_blocked, id=20832, stack(0x00007fc822df6000,0x00007fc822ef7000)]
  0x00007fc8300cc000 JavaThread "http-nio-8080-exec-6" daemon [_thread_blocked, id=20831, stack(0x00007fc8227f0000,0x00007fc8228f1000)]
  0x00007fc8300ca800 JavaThread "http-nio-8080-exec-5" daemon [_thread_blocked, id=20830, stack(0x00007fc822ff8000,0x00007fc8230f9000)]
  0x00007fc8300c9800 JavaThread "http-nio-8080-exec-4" daemon [_thread_blocked, id=20829, stack(0x00007fc8228f1000,0x00007fc8229f2000)]
  0x00007fc8300c9000 JavaThread "http-nio-8080-exec-3" daemon [_thread_blocked, id=20828, stack(0x00007fc822af3000,0x00007fc822bf4000)]
  0x00007fc8300c8000 JavaThread "http-nio-8080-exec-2" daemon [_thread_blocked, id=20827, stack(0x00007fc8229f2000,0x00007fc822af3000)]
  0x00007fc8300c7800 JavaThread "http-nio-8080-exec-1" daemon [_thread_blocked, id=20826, stack(0x00007fc8230f9000,0x00007fc8231fa000)]
  0x00007fc8300ac000 JavaThread "http-nio-8080-BlockPoller" daemon [_thread_in_native, id=20825, stack(0x00007fc822bf4000,0x00007fc822cf5000)]
  0x00007fc8300ad000 JavaThread "File Watcher" daemon [_thread_blocked, id=20824, stack(0x00007fc822ef7000,0x00007fc822ff8000)]
  0x00007fc830071000 JavaThread "container-0" [_thread_blocked, id=20821, stack(0x00007fc850cfe000,0x00007fc850dff000)]
  0x00007fc830070000 JavaThread "Catalina-utility-2" [_thread_blocked, id=20820, stack(0x00007fc8231fa000,0x00007fc8232fb000)]
  0x00007fc83006f800 JavaThread "Catalina-utility-1" [_thread_blocked, id=20819, stack(0x00007fc88005f000,0x00007fc880160000)]
  0x00007fc83006e800 JavaThread "HikariPool-2 housekeeper" daemon [_thread_blocked, id=20818, stack(0x00007fc8225ee000,0x00007fc8226ef000)]
  0x00007fc8ac011000 JavaThread "DestroyJavaVM" [_thread_blocked, id=20410, stack(0x00007fc8b4ec1000,0x00007fc8b4fc1000)]
  0x00007fc81000f800 JavaThread "JMX server connection timeout 33" daemon [_thread_blocked, id=20458, stack(0x00007fc8239fc000,0x00007fc823afd000)]
  0x00007fc81000c800 JavaThread "RMI Scheduler(0)" daemon [_thread_blocked, id=20457, stack(0x00007fc823afd000,0x00007fc823bfe000)]
  0x00007fc848001800 JavaThread "RMI TCP Connection(idle)" daemon [_thread_blocked, id=20456, stack(0x00007fc8500fc000,0x00007fc8501fd000)]
  0x00007fc86c001000 JavaThread "Attach Listener" daemon [_thread_blocked, id=20453, stack(0x00007fc823dfe000,0x00007fc823eff000)]
  0x00007fc834e0e800 JavaThread "Live Reload Server" daemon [_thread_in_native, id=20452, stack(0x00007fc823eff000,0x00007fc824000000)]
  0x00007fc8ac4fe000 JavaThread "RMI TCP Accept-0" daemon [_thread_in_native, id=20438, stack(0x00007fc89582f000,0x00007fc895930000)]
  0x00007fc8ac4c6800 JavaThread "RMI TCP Accept-35895" daemon [_thread_in_native, id=20437, stack(0x00007fc895956000,0x00007fc895a57000)]
  0x00007fc8ac4ae000 JavaThread "RMI TCP Accept-0" daemon [_thread_in_native, id=20436, stack(0x00007fc895a57000,0x00007fc895b58000)]
  0x00007fc8ac0d8800 JavaThread "Service Thread" daemon [_thread_blocked, id=20435, stack(0x00007fc8963e2000,0x00007fc8964e3000)]
  0x00007fc8ac0d5000 JavaThread "C1 CompilerThread2" daemon [_thread_blocked, id=20434, stack(0x00007fc8964e4000,0x00007fc8965e4000)]
  0x00007fc8ac0d3800 JavaThread "C2 CompilerThread1" daemon [_thread_blocked, id=20433, stack(0x00007fc8965e5000,0x00007fc8966e5000)]
  0x00007fc8ac0d0800 JavaThread "C2 CompilerThread0" daemon [_thread_blocked, id=20432, stack(0x00007fc8966e6000,0x00007fc8967e6000)]
  0x00007fc870001000 JavaThread "JDWP Command Reader" daemon [_thread_in_native, id=20429, stack(0x00007fc8967e6000,0x00007fc8968e7000)]
  0x00007fc8ac0ce800 JavaThread "JDWP Event Helper Thread" daemon [_thread_blocked, id=20427, stack(0x00007fc8968e7000,0x00007fc8969e8000)]
=>0x00007fc8ac0cb000 JavaThread "JDWP Transport Listener: dt_socket" daemon [_thread_in_vm, id=20426, stack(0x00007fc8969e8000,0x00007fc896ae9000)]
  0x00007fc8ac0bc800 JavaThread "Signal Dispatcher" daemon [_thread_blocked, id=20424, stack(0x00007fc896ced000,0x00007fc896dee000)]
  0x00007fc8ac08b000 JavaThread "Finalizer" daemon [_thread_blocked, id=20422, stack(0x00007fc896dee000,0x00007fc896eef000)]
  0x00007fc8ac086800 JavaThread "Reference Handler" daemon [_thread_blocked, id=20421, stack(0x00007fc896eef000,0x00007fc896ff0000)]

Other Threads:
  0x00007fc8ac07e800 VMThread [stack: 0x00007fc896ff1000,0x00007fc8970f1000] [id=20420]
  0x00007fc8ac501800 WatcherThread [stack: 0x00007fc89572f000,0x00007fc89582f000] [id=20439]

VM state:not at safepoint (normal execution)

VM Mutex/Monitor currently owned by a thread: None

Heap:
 PSYoungGen      total 308736K, used 209724K [0x000000076cf00000, 0x0000000782180000, 0x00000007c0000000)
  eden space 289280K, 72% used [0x000000076cf00000,0x0000000779bcf3f8,0x000000077e980000)
  from space 19456K, 0% used [0x000000077fd80000,0x000000077fd80000,0x0000000781080000)
  to   space 20480K, 0% used [0x000000077e980000,0x000000077e980000,0x000000077fd80000)
 ParOldGen       total 287232K, used 18164K [0x00000006c6c00000, 0x00000006d8480000, 0x000000076cf00000)
  object space 287232K, 6% used [0x00000006c6c00000,0x00000006c7dbd268,0x00000006d8480000)
 Metaspace       used 57192K, capacity 60616K, committed 60800K, reserved 1101824K
  class space    used 7923K, capacity 8517K, committed 8576K, reserved 1048576K

Card table byte_map: [0x00007fc8b0cbe000,0x00007fc8b1489000] byte_map_base: 0x00007fc8ad688000

Marking Bits: (ParMarkBitMap*) 0x00007fc8b4365120
 Begin Bits: [0x00007fc880360000, 0x00007fc8841b0000)
 End Bits:   [0x00007fc8841b0000, 0x00007fc888000000)

Polling page: 0x00007fc8b4fe2000

CodeCache: size=245760Kb used=11962Kb max_used=11962Kb free=233798Kb
 bounds [0x00007fc89d000000, 0x00007fc89dbc0000, 0x00007fc8ac000000]
 total_blobs=7240 nmethods=6682 adapters=477
 compilation: enabled

Compilation events (10 events):
Event: 348,200 Thread 0x00007fc8ac0d5000 6804       1       com.fasterxml.jackson.databind.introspect.AnnotationMap::hasOneOf (40 bytes)
Event: 348,200 Thread 0x00007fc8ac0d5000 nmethod 6804 0x00007fc89dbb19d0 code [0x00007fc89dbb1b40, 0x00007fc89dbb1d08]
Event: 348,200 Thread 0x00007fc8ac0d5000 6801       1       com.fasterxml.jackson.databind.introspect.CollectorBase::collectAnnotations (52 bytes)
Event: 348,200 Thread 0x00007fc8ac0d5000 nmethod 6801 0x00007fc89dbb1dd0 code [0x00007fc89dbb1f60, 0x00007fc89dbb2168]
Event: 348,200 Thread 0x00007fc8ac0d5000 6803       1       com.fasterxml.jackson.databind.introspect.AnnotatedMember::hasOneOf (18 bytes)
Event: 348,206 Thread 0x00007fc8ac0d5000 nmethod 6803 0x00007fc89dbb2290 code [0x00007fc89dbb2400, 0x00007fc89dbb2568]
Event: 348,206 Thread 0x00007fc8ac0d5000 6802       1       com.fasterxml.jackson.databind.introspect.AnnotatedParameter::getIndex (5 bytes)
Event: 348,206 Thread 0x00007fc8ac0d5000 nmethod 6802 0x00007fc89dbb2610 code [0x00007fc89dbb2760, 0x00007fc89dbb2870]
Event: 348,206 Thread 0x00007fc8ac0d5000 6800       1       com.fasterxml.jackson.databind.AnnotationIntrospector::hasIgnoreMarker (2 bytes)
Event: 348,206 Thread 0x00007fc8ac0d5000 nmethod 6800 0x00007fc89dbb28d0 code [0x00007fc89dbb2a20, 0x00007fc89dbb2b30]

GC Heap History (10 events):
Event: 5,603 GC heap before
{Heap before GC invocations=8 (full 2):
 PSYoungGen      total 260608K, used 250368K [0x000000076cf00000, 0x000000077de80000, 0x00000007c0000000)
  eden space 250368K, 100% used [0x000000076cf00000,0x000000077c380000,0x000000077c380000)
  from space 10240K, 0% used [0x000000077c900000,0x000000077c900000,0x000000077d300000)
  to   space 11776K, 0% used [0x000000077d300000,0x000000077d300000,0x000000077de80000)
 ParOldGen       total 197120K, used 18036K [0x00000006c6c00000, 0x00000006d2c80000, 0x000000076cf00000)
  object space 197120K, 9% used [0x00000006c6c00000,0x00000006c7d9d1b8,0x00000006d2c80000)
 Metaspace       used 51478K, capacity 54190K, committed 54272K, reserved 1095680K
  class space    used 7152K, capacity 7641K, committed 7680K, reserved 1048576K
Event: 5,620 GC heap after
Heap after GC invocations=8 (full 2):
 PSYoungGen      total 258048K, used 11755K [0x000000076cf00000, 0x0000000782100000, 0x00000007c0000000)
  eden space 246272K, 0% used [0x000000076cf00000,0x000000076cf00000,0x000000077bf80000)
  from space 11776K, 99% used [0x000000077d300000,0x000000077de7ae88,0x000000077de80000)
  to   space 19968K, 0% used [0x000000077bf80000,0x000000077bf80000,0x000000077d300000)
 ParOldGen       total 197120K, used 27426K [0x00000006c6c00000, 0x00000006d2c80000, 0x000000076cf00000)
  object space 197120K, 13% used [0x00000006c6c00000,0x00000006c86c88e0,0x00000006d2c80000)
 Metaspace       used 51478K, capacity 54190K, committed 54272K, reserved 1095680K
  class space    used 7152K, capacity 7641K, committed 7680K, reserved 1048576K
}
Event: 86,951 GC heap before
{Heap before GC invocations=9 (full 2):
 PSYoungGen      total 258048K, used 105065K [0x000000076cf00000, 0x0000000782100000, 0x00000007c0000000)
  eden space 246272K, 37% used [0x000000076cf00000,0x0000000772a1f5e8,0x000000077bf80000)
  from space 11776K, 99% used [0x000000077d300000,0x000000077de7ae88,0x000000077de80000)
  to   space 19968K, 0% used [0x000000077bf80000,0x000000077bf80000,0x000000077d300000)
 ParOldGen       total 197120K, used 27426K [0x00000006c6c00000, 0x00000006d2c80000, 0x000000076cf00000)
  object space 197120K, 13% used [0x00000006c6c00000,0x00000006c86c88e0,0x00000006d2c80000)
 Metaspace       used 55963K, capacity 59104K, committed 59160K, reserved 1099776K
  class space    used 7747K, capacity 8316K, committed 8320K, reserved 1048576K
Event: 86,977 GC heap after
Heap after GC invocations=9 (full 2):
 PSYoungGen      total 266240K, used 12434K [0x000000076cf00000, 0x0000000781080000, 0x00000007c0000000)
  eden space 246272K, 0% used [0x000000076cf00000,0x000000076cf00000,0x000000077bf80000)
  from space 19968K, 62% used [0x000000077bf80000,0x000000077cba4a50,0x000000077d300000)
  to   space 19456K, 0% used [0x000000077fd80000,0x000000077fd80000,0x0000000781080000)
 ParOldGen       total 197120K, used 27434K [0x00000006c6c00000, 0x00000006d2c80000, 0x000000076cf00000)
  object space 197120K, 13% used [0x00000006c6c00000,0x00000006c86ca8e0,0x00000006d2c80000)
 Metaspace       used 55963K, capacity 59104K, committed 59160K, reserved 1099776K
  class space    used 7747K, capacity 8316K, committed 8320K, reserved 1048576K
}
Event: 86,977 GC heap before
{Heap before GC invocations=10 (full 3):
 PSYoungGen      total 266240K, used 12434K [0x000000076cf00000, 0x0000000781080000, 0x00000007c0000000)
  eden space 246272K, 0% used [0x000000076cf00000,0x000000076cf00000,0x000000077bf80000)
  from space 19968K, 62% used [0x000000077bf80000,0x000000077cba4a50,0x000000077d300000)
  to   space 19456K, 0% used [0x000000077fd80000,0x000000077fd80000,0x0000000781080000)
 ParOldGen       total 197120K, used 27434K [0x00000006c6c00000, 0x00000006d2c80000, 0x000000076cf00000)
  object space 197120K, 13% used [0x00000006c6c00000,0x00000006c86ca8e0,0x00000006d2c80000)
 Metaspace       used 55963K, capacity 59104K, committed 59160K, reserved 1099776K
  class space    used 7747K, capacity 8316K, committed 8320K, reserved 1048576K
Event: 87,117 GC heap after
Heap after GC invocations=10 (full 3):
 PSYoungGen      total 266240K, used 0K [0x000000076cf00000, 0x0000000781080000, 0x00000007c0000000)
  eden space 246272K, 0% used [0x000000076cf00000,0x000000076cf00000,0x000000077bf80000)
  from space 19968K, 0% used [0x000000077bf80000,0x000000077bf80000,0x000000077d300000)
  to   space 19456K, 0% used [0x000000077fd80000,0x000000077fd80000,0x0000000781080000)
 ParOldGen       total 287232K, used 22713K [0x00000006c6c00000, 0x00000006d8480000, 0x000000076cf00000)
  object space 287232K, 7% used [0x00000006c6c00000,0x00000006c822e570,0x00000006d8480000)
 Metaspace       used 55959K, capacity 59098K, committed 59160K, reserved 1099776K
  class space    used 7747K, capacity 8315K, committed 8320K, reserved 1048576K
}
Event: 335,193 GC heap before
{Heap before GC invocations=11 (full 3):
 PSYoungGen      total 266240K, used 105408K [0x000000076cf00000, 0x0000000781080000, 0x00000007c0000000)
  eden space 246272K, 42% used [0x000000076cf00000,0x00000007735f0180,0x000000077bf80000)
  from space 19968K, 0% used [0x000000077bf80000,0x000000077bf80000,0x000000077d300000)
  to   space 19456K, 0% used [0x000000077fd80000,0x000000077fd80000,0x0000000781080000)
 ParOldGen       total 287232K, used 22713K [0x00000006c6c00000, 0x00000006d8480000, 0x000000076cf00000)
  object space 287232K, 7% used [0x00000006c6c00000,0x00000006c822e570,0x00000006d8480000)
 Metaspace       used 56248K, capacity 59462K, committed 59648K, reserved 1099776K
  class space    used 7821K, capacity 8364K, committed 8448K, reserved 1048576K
Event: 335,197 GC heap after
Heap after GC invocations=11 (full 3):
 PSYoungGen      total 308736K, used 481K [0x000000076cf00000, 0x0000000782180000, 0x00000007c0000000)
  eden space 289280K, 0% used [0x000000076cf00000,0x000000076cf00000,0x000000077e980000)
  from space 19456K, 2% used [0x000000077fd80000,0x000000077fdf87c8,0x0000000781080000)
  to   space 20480K, 0% used [0x000000077e980000,0x000000077e980000,0x000000077fd80000)
 ParOldGen       total 287232K, used 22713K [0x00000006c6c00000, 0x00000006d8480000, 0x000000076cf00000)
  object space 287232K, 7% used [0x00000006c6c00000,0x00000006c822e570,0x00000006d8480000)
 Metaspace       used 56248K, capacity 59462K, committed 59648K, reserved 1099776K
  class space    used 7821K, capacity 8364K, committed 8448K, reserved 1048576K
}
Event: 335,197 GC heap before
{Heap before GC invocations=12 (full 4):
 PSYoungGen      total 308736K, used 481K [0x000000076cf00000, 0x0000000782180000, 0x00000007c0000000)
  eden space 289280K, 0% used [0x000000076cf00000,0x000000076cf00000,0x000000077e980000)
  from space 19456K, 2% used [0x000000077fd80000,0x000000077fdf87c8,0x0000000781080000)
  to   space 20480K, 0% used [0x000000077e980000,0x000000077e980000,0x000000077fd80000)
 ParOldGen       total 287232K, used 22713K [0x00000006c6c00000, 0x00000006d8480000, 0x000000076cf00000)
  object space 287232K, 7% used [0x00000006c6c00000,0x00000006c822e570,0x00000006d8480000)
 Metaspace       used 56248K, capacity 59462K, committed 59648K, reserved 1099776K
  class space    used 7821K, capacity 8364K, committed 8448K, reserved 1048576K
Event: 335,414 GC heap after
Heap after GC invocations=12 (full 4):
 PSYoungGen      total 308736K, used 0K [0x000000076cf00000, 0x0000000782180000, 0x00000007c0000000)
  eden space 289280K, 0% used [0x000000076cf00000,0x000000076cf00000,0x000000077e980000)
  from space 19456K, 0% used [0x000000077fd80000,0x000000077fd80000,0x0000000781080000)
  to   space 20480K, 0% used [0x000000077e980000,0x000000077e980000,0x000000077fd80000)
 ParOldGen       total 287232K, used 18164K [0x00000006c6c00000, 0x00000006d8480000, 0x000000076cf00000)
  object space 287232K, 6% used [0x00000006c6c00000,0x00000006c7dbd268,0x00000006d8480000)
 Metaspace       used 56248K, capacity 59462K, committed 59648K, reserved 1099776K
  class space    used 7821K, capacity 8364K, committed 8448K, reserved 1048576K
}

Deoptimization events (0 events):
No events

Internal exceptions (10 events):
Event: 336,524 Thread 0x00007fc84c00f800 Exception <a 'java/lang/ClassNotFoundException': java/lang/ObjectCustomizer> (0x00000007792ac400) thrown at [/HUDSON3/workspace/8-2-build-linux-amd64/jdk8u101/7261/hotspot/src/share/vm/classfile/systemDictionary.cpp, line 210]
Event: 336,525 Thread 0x00007fc84c00f800 Exception <a 'java/lang/ClassNotFoundException': com/nelioalves/cursomc/domain/PagamentoCustomizer> (0x00000007792c45f0) thrown at [/HUDSON3/workspace/8-2-build-linux-amd64/jdk8u101/7261/hotspot/src/share/vm/classfile/systemDictionary.cpp, line 210]
Event: 336,525 Thread 0x00007fc84c00f800 Exception <a 'java/lang/ClassNotFoundException': com/nelioalves/cursomc/domain/PagamentoComBoletoCustomizer> (0x00000007792e3660) thrown at [/HUDSON3/workspace/8-2-build-linux-amd64/jdk8u101/7261/hotspot/src/share/vm/classfile/systemDictionary.cpp, line 2
Event: 336,527 Thread 0x00007fc84c00f800 Exception <a 'java/lang/ArrayIndexOutOfBoundsException'> (0x00000007792fb828) thrown at [/HUDSON3/workspace/8-2-build-linux-amd64/jdk8u101/7261/hotspot/src/share/vm/runtime/sharedRuntime.cpp, line 605]
Event: 336,529 Thread 0x00007fc84c00f800 Exception <a 'java/lang/ClassNotFoundException': java/lang/ObjectCustomizer> (0x000000077930be28) thrown at [/HUDSON3/workspace/8-2-build-linux-amd64/jdk8u101/7261/hotspot/src/share/vm/classfile/systemDictionary.cpp, line 210]
Event: 336,530 Thread 0x00007fc84c00f800 Exception <a 'java/lang/ClassNotFoundException': com/nelioalves/cursomc/domain/ItemPedidoCustomizer> (0x0000000779323c90) thrown at [/HUDSON3/workspace/8-2-build-linux-amd64/jdk8u101/7261/hotspot/src/share/vm/classfile/systemDictionary.cpp, line 210]
Event: 336,532 Thread 0x00007fc84c00f800 Exception <a 'java/lang/ArrayIndexOutOfBoundsException'> (0x0000000779340a40) thrown at [/HUDSON3/workspace/8-2-build-linux-amd64/jdk8u101/7261/hotspot/src/share/vm/runtime/sharedRuntime.cpp, line 605]
Event: 348,181 Thread 0x00007fc8300c7800 Exception <a 'java/lang/ArrayIndexOutOfBoundsException'> (0x00000007788b0e10) thrown at [/HUDSON3/workspace/8-2-build-linux-amd64/jdk8u101/7261/hotspot/src/share/vm/runtime/sharedRuntime.cpp, line 605]
Event: 348,190 Thread 0x00007fc8300c7800 Exception <a 'java/lang/reflect/InvocationTargetException'> (0x00000007788cda58) thrown at [/HUDSON3/workspace/8-2-build-linux-amd64/jdk8u101/7261/hotspot/src/share/vm/runtime/reflection.cpp, line 1092]
Event: 348,196 Thread 0x00007fc8300c7800 Exception <a 'java/lang/ArrayIndexOutOfBoundsException'> (0x00000007797a80f0) thrown at [/HUDSON3/workspace/8-2-build-linux-amd64/jdk8u101/7261/hotspot/src/share/vm/runtime/sharedRuntime.cpp, line 605]

Events (10 events):
Event: 360,251 Executing VM operation: ChangeBreakpoints
Event: 360,253 Executing VM operation: ChangeBreakpoints done
Event: 360,262 Executing VM operation: ChangeBreakpoints
Event: 360,263 Executing VM operation: ChangeBreakpoints done
Event: 360,265 Executing VM operation: ChangeBreakpoints
Event: 360,266 Executing VM operation: ChangeBreakpoints done
Event: 360,295 Executing VM operation: ChangeBreakpoints
Event: 360,296 Executing VM operation: ChangeBreakpoints done
Event: 360,296 Executing VM operation: ChangeBreakpoints
Event: 360,298 Executing VM operation: ChangeBreakpoints done


Dynamic libraries:
00400000-00401000 r-xp 00000000 08:02 8913930                            /opt/jdk/jdk1.8.0_101/bin/java
00600000-00601000 rw-p 00000000 08:02 8913930                            /opt/jdk/jdk1.8.0_101/bin/java
00e41000-00e62000 rw-p 00000000 00:00 0                                  [heap]
6c6c00000-6d8480000 rw-p 00000000 00:00 0 
6d8480000-76cf00000 ---p 00000000 00:00 0 
76cf00000-782180000 rw-p 00000000 00:00 0 
782180000-7c0000000 ---p 00000000 00:00 0 
7c0000000-7c0860000 rw-p 00000000 00:00 0 
7c0860000-800000000 ---p 00000000 00:00 0 
7fc810000000-7fc81006a000 rw-p 00000000 00:00 0 
7fc81006a000-7fc814000000 ---p 00000000 00:00 0 
7fc814000000-7fc81437d000 rw-p 00000000 00:00 0 
7fc81437d000-7fc818000000 ---p 00000000 00:00 0 
7fc818000000-7fc8180b5000 rw-p 00000000 00:00 0 
7fc8180b5000-7fc81c000000 ---p 00000000 00:00 0 
7fc81c000000-7fc81c021000 rw-p 00000000 00:00 0 
7fc81c021000-7fc820000000 ---p 00000000 00:00 0 
7fc8221ee000-7fc8222ee000 rw-p 00000000 00:00 0 
7fc8222ee000-7fc8223ee000 ---p 00000000 00:00 0 
7fc8223ee000-7fc8225ee000 rw-p 00000000 00:00 0 
7fc8225ee000-7fc8225f1000 ---p 00000000 00:00 0 
7fc8225f1000-7fc8226ef000 rw-p 00000000 00:00 0 
7fc8226ef000-7fc8226f2000 ---p 00000000 00:00 0 
7fc8226f2000-7fc8227f0000 rw-p 00000000 00:00 0 
7fc8227f0000-7fc8227f3000 ---p 00000000 00:00 0 
7fc8227f3000-7fc8228f1000 rw-p 00000000 00:00 0 
7fc8228f1000-7fc8228f4000 ---p 00000000 00:00 0 
7fc8228f4000-7fc8229f2000 rw-p 00000000 00:00 0 
7fc8229f2000-7fc8229f5000 ---p 00000000 00:00 0 
7fc8229f5000-7fc822af3000 rw-p 00000000 00:00 0 
7fc822af3000-7fc822af6000 ---p 00000000 00:00 0 
7fc822af6000-7fc822bf4000 rw-p 00000000 00:00 0 
7fc822bf4000-7fc822bf7000 ---p 00000000 00:00 0 
7fc822bf7000-7fc822cf5000 rw-p 00000000 00:00 0 
7fc822cf5000-7fc822cf8000 ---p 00000000 00:00 0 
7fc822cf8000-7fc822df6000 rw-p 00000000 00:00 0 
7fc822df6000-7fc822df9000 ---p 00000000 00:00 0 
7fc822df9000-7fc822ef7000 rw-p 00000000 00:00 0 
7fc822ef7000-7fc822efa000 ---p 00000000 00:00 0 
7fc822efa000-7fc822ff8000 rw-p 00000000 00:00 0 
7fc822ff8000-7fc822ffb000 ---p 00000000 00:00 0 
7fc822ffb000-7fc8230f9000 rw-p 00000000 00:00 0 
7fc8230f9000-7fc8230fc000 ---p 00000000 00:00 0 
7fc8230fc000-7fc8231fa000 rw-p 00000000 00:00 0 
7fc8231fa000-7fc8231fd000 ---p 00000000 00:00 0 
7fc8231fd000-7fc8232fb000 rw-p 00000000 00:00 0 
7fc8232fb000-7fc8232fe000 ---p 00000000 00:00 0 
7fc8232fe000-7fc8235fc000 rw-p 00000000 00:00 0 
7fc8235fc000-7fc8237fc000 rw-p 00000000 00:00 0 
7fc8237fc000-7fc8239fc000 rw-p 00000000 00:00 0 
7fc8239fc000-7fc8239ff000 ---p 00000000 00:00 0 
7fc8239ff000-7fc823afd000 rw-p 00000000 00:00 0 
7fc823afd000-7fc823b00000 ---p 00000000 00:00 0 
7fc823b00000-7fc823dfe000 rw-p 00000000 00:00 0 
7fc823dfe000-7fc823e01000 ---p 00000000 00:00 0 
7fc823e01000-7fc823eff000 rw-p 00000000 00:00 0 
7fc823eff000-7fc823f02000 ---p 00000000 00:00 0 
7fc823f02000-7fc824000000 rw-p 00000000 00:00 0 
7fc824000000-7fc824021000 rw-p 00000000 00:00 0 
7fc824021000-7fc828000000 ---p 00000000 00:00 0 
7fc828000000-7fc828061000 rw-p 00000000 00:00 0 
7fc828061000-7fc82c000000 ---p 00000000 00:00 0 
7fc82c000000-7fc82c021000 rw-p 00000000 00:00 0 
7fc82c021000-7fc830000000 ---p 00000000 00:00 0 
7fc830000000-7fc8300f4000 rw-p 00000000 00:00 0 
7fc8300f4000-7fc834000000 ---p 00000000 00:00 0 
7fc834000000-7fc835141000 rw-p 00000000 00:00 0 
7fc835141000-7fc838000000 ---p 00000000 00:00 0 
7fc838000000-7fc8382b6000 rw-p 00000000 00:00 0 
7fc8382b6000-7fc83c000000 ---p 00000000 00:00 0 
7fc83c000000-7fc83c021000 rw-p 00000000 00:00 0 
7fc83c021000-7fc840000000 ---p 00000000 00:00 0 
7fc840000000-7fc840021000 rw-p 00000000 00:00 0 
7fc840021000-7fc844000000 ---p 00000000 00:00 0 
7fc844000000-7fc84403a000 rw-p 00000000 00:00 0 
7fc84403a000-7fc848000000 ---p 00000000 00:00 0 
7fc848000000-7fc848021000 rw-p 00000000 00:00 0 
7fc848021000-7fc84c000000 ---p 00000000 00:00 0 
7fc84c000000-7fc84c021000 rw-p 00000000 00:00 0 
7fc84c021000-7fc850000000 ---p 00000000 00:00 0 
7fc8500fc000-7fc8500ff000 ---p 00000000 00:00 0 
7fc8500ff000-7fc8503fd000 rw-p 00000000 00:00 0 
7fc8503fd000-7fc8505fd000 rw-p 00000000 00:00 0 
7fc8505fd000-7fc8507fd000 rw-p 00000000 00:00 0 
7fc8507fd000-7fc8509fd000 rw-p 00000000 00:00 0 
7fc8509fd000-7fc850bfd000 rw-p 00000000 00:00 0 
7fc850bfd000-7fc850c00000 ---p 00000000 00:00 0 
7fc850c00000-7fc850cfe000 rw-p 00000000 00:00 0 
7fc850cfe000-7fc850d01000 ---p 00000000 00:00 0 
7fc850d01000-7fc850fff000 rw-p 00000000 00:00 0 
7fc850fff000-7fc854000000 rw-p 00000000 00:00 0 
7fc854000000-7fc854889000 rw-p 00000000 00:00 0 
7fc854889000-7fc858000000 ---p 00000000 00:00 0 
7fc858000000-7fc858021000 rw-p 00000000 00:00 0 
7fc858021000-7fc85c000000 ---p 00000000 00:00 0 
7fc85c000000-7fc85c056000 rw-p 00000000 00:00 0 
7fc85c056000-7fc860000000 ---p 00000000 00:00 0 
7fc860000000-7fc860021000 rw-p 00000000 00:00 0 
7fc860021000-7fc864000000 ---p 00000000 00:00 0 
7fc864000000-7fc864021000 rw-p 00000000 00:00 0 
7fc864021000-7fc868000000 ---p 00000000 00:00 0 
7fc868000000-7fc868021000 rw-p 00000000 00:00 0 
7fc868021000-7fc86c000000 ---p 00000000 00:00 0 
7fc86c000000-7fc86c021000 rw-p 00000000 00:00 0 
7fc86c021000-7fc870000000 ---p 00000000 00:00 0 
7fc870000000-7fc8702da000 rw-p 00000000 00:00 0 
7fc8702da000-7fc874000000 ---p 00000000 00:00 0 
7fc874000000-7fc874021000 rw-p 00000000 00:00 0 
7fc874021000-7fc878000000 ---p 00000000 00:00 0 
7fc878000000-7fc878021000 rw-p 00000000 00:00 0 
7fc878021000-7fc87c000000 ---p 00000000 00:00 0 
7fc87c000000-7fc87c05c000 rw-p 00000000 00:00 0 
7fc87c05c000-7fc880000000 ---p 00000000 00:00 0 
7fc88005f000-7fc880062000 ---p 00000000 00:00 0 
7fc880062000-7fc880360000 rw-p 00000000 00:00 0 
7fc880360000-7fc888000000 rw-p 00000000 00:00 0 
7fc888000000-7fc888021000 rw-p 00000000 00:00 0 
7fc888021000-7fc88c000000 ---p 00000000 00:00 0 
7fc88c000000-7fc88c025000 rw-p 00000000 00:00 0 
7fc88c025000-7fc890000000 ---p 00000000 00:00 0 
7fc890000000-7fc890021000 rw-p 00000000 00:00 0 
7fc890021000-7fc894000000 ---p 00000000 00:00 0 
7fc894067000-7fc89406a000 ---p 00000000 00:00 0 
7fc89406a000-7fc894368000 rw-p 00000000 00:00 0 
7fc894368000-7fc894568000 rw-p 00000000 00:00 0 
7fc894568000-7fc894768000 rw-p 00000000 00:00 0 
7fc894768000-7fc894968000 rw-p 00000000 00:00 0 
7fc894968000-7fc894b68000 rw-p 00000000 00:00 0 
7fc894b68000-7fc894d68000 rw-p 00000000 00:00 0 
7fc894d68000-7fc894f68000 rw-p 00000000 00:00 0 
7fc894f68000-7fc894ffe000 r--s 01102000 08:02 8915380                    /opt/jdk/jdk1.8.0_101/jre/lib/ext/jfxrt.jar
7fc894ffe000-7fc8951fe000 rw-p 00000000 00:00 0 
7fc8951fe000-7fc895201000 ---p 00000000 00:00 0 
7fc895201000-7fc8952ff000 rw-p 00000000 00:00 0 
7fc8952ff000-7fc895302000 ---p 00000000 00:00 0 
7fc895302000-7fc895400000 rw-p 00000000 00:00 0 
7fc895400000-7fc895403000 ---p 00000000 00:00 0 
7fc895403000-7fc895701000 rw-p 00000000 00:00 0 
7fc895701000-7fc895708000 r--s 00000000 08:02 795628                     /usr/lib/x86_64-linux-gnu/gconv/gconv-modules.cache
7fc895708000-7fc89572e000 r--p 00000000 08:02 1315261                    /usr/share/locale-langpack/pt_BR/LC_MESSAGES/libc.mo
7fc89572e000-7fc89572f000 ---p 00000000 00:00 0 
7fc89572f000-7fc89582f000 rw-p 00000000 00:00 0 
7fc89582f000-7fc895832000 ---p 00000000 00:00 0 
7fc895832000-7fc895930000 rw-p 00000000 00:00 0 
7fc895930000-7fc89593a000 r--s 00116000 08:02 8915385                    /opt/jdk/jdk1.8.0_101/jre/lib/ext/localedata.jar
7fc89593a000-7fc895956000 r--s 00393000 08:02 8915387                    /opt/jdk/jdk1.8.0_101/jre/lib/ext/cldrdata.jar
7fc895956000-7fc895959000 ---p 00000000 00:00 0 
7fc895959000-7fc895a57000 rw-p 00000000 00:00 0 
7fc895a57000-7fc895a5a000 ---p 00000000 00:00 0 
7fc895a5a000-7fc895b58000 rw-p 00000000 00:00 0 
7fc895b58000-7fc895b5c000 r--s 00097000 08:02 8915275                    /opt/jdk/jdk1.8.0_101/jre/lib/jsse.jar
7fc895b5c000-7fc895b83000 r--s 0012b000 08:02 9186091                    /home/henrique/.m2/repository/org/springframework/boot/spring-boot-autoconfigure/2.2.0.RELEASE/spring-boot-autoconfigure-2.2.0.RELEASE.jar
7fc895b83000-7fc895b99000 r--s 000e7000 08:02 9186154                    /home/henrique/.m2/repository/org/springframework/boot/spring-boot/2.2.0.RELEASE/spring-boot-2.2.0.RELEASE.jar
7fc895b99000-7fc895b9f000 r--s 00030000 08:02 7609077                    /home/henrique/.m2/repository/org/springframework/boot/spring-boot-devtools/2.2.0.RELEASE/spring-boot-devtools-2.2.0.RELEASE.jar
7fc895b9f000-7fc895bb2000 r--s 00201000 08:02 5901652                    /home/henrique/.m2/repository/com/h2database/h2/1.4.199/h2-1.4.199.jar
7fc895bb2000-7fc895bb4000 r--s 0000a000 08:02 7483321                    /home/henrique/.m2/repository/org/springframework/spring-aspects/5.2.0.RELEASE/spring-aspects-5.2.0.RELEASE.jar
7fc895bb4000-7fc895bbd000 r--s 00044000 08:02 9186152                    /home/henrique/.m2/repository/org/springframework/spring-tx/5.2.0.RELEASE/spring-tx-5.2.0.RELEASE.jar
7fc895bbd000-7fc895bc2000 r--s 0002d000 08:02 7353072                    /home/henrique/.m2/repository/org/springframework/spring-orm/5.2.0.RELEASE/spring-orm-5.2.0.RELEASE.jar
7fc895bc2000-7fc895bdb000 r--s 0010f000 08:02 7225083                    /home/henrique/.m2/repository/org/springframework/data/spring-data-commons/2.2.0.RELEASE/spring-data-commons-2.2.0.RELEASE.jar
7fc895bdb000-7fc895be3000 r--s 00052000 08:02 6163972                    /home/henrique/.m2/repository/org/springframework/data/spring-data-jpa/2.2.0.RELEASE/spring-data-jpa-2.2.0.RELEASE.jar
7fc895be3000-7fc895be8000 r--s 00049000 08:02 9186150                    /home/henrique/.m2/repository/com/sun/xml/fastinfoset/FastInfoset/1.2.16/FastInfoset-1.2.16.jar
7fc895be8000-7fc895bea000 r--s 00008000 08:02 8015843                    /home/henrique/.m2/repository/org/jvnet/staxex/stax-ex/1.8.1/stax-ex-1.8.1.jar
7fc895bea000-7fc895bec000 r--s 00005000 08:02 9186148                    /home/henrique/.m2/repository/com/sun/istack/istack-commons-runtime/3.0.8/istack-commons-runtime-3.0.8.jar
7fc895bec000-7fc895bee000 r--s 00010000 08:02 9186146                    /home/henrique/.m2/repository/org/glassfish/jaxb/txw2/2.3.2/txw2-2.3.2.jar
7fc895bee000-7fc895c03000 r--s 000e3000 08:02 9186144                    /home/henrique/.m2/repository/org/glassfish/jaxb/jaxb-runtime/2.3.2/jaxb-runtime-2.3.2.jar
7fc895c03000-7fc895c06000 r--s 00010000 08:02 9186142                    /home/henrique/.m2/repository/org/hibernate/common/hibernate-commons-annotations/5.1.0.Final/hibernate-commons-annotations-5.1.0.Final.jar
7fc895c06000-7fc895c0b000 r--s 0004b000 08:02 9186140                    /home/henrique/.m2/repository/org/dom4j/dom4j/2.1.1/dom4j-2.1.1.jar
7fc895c0b000-7fc895c0d000 r--s 0000f000 08:02 9186138                    /home/henrique/.m2/repository/com/fasterxml/classmate/1.5.0/classmate-1.5.0.jar
7fc895c0d000-7fc895c10000 r--s 0002b000 08:02 9186136                    /home/henrique/.m2/repository/org/jboss/jandex/2.0.5.Final/jandex-2.0.5.Final.jar
7fc895c10000-7fc895c15000 r--s 00068000 08:02 5901694                    /home/henrique/.m2/repository/antlr/antlr/2.7.7/antlr-2.7.7.jar
7fc895c15000-7fc895c1f000 r--s 000b4000 08:02 9186133                    /home/henrique/.m2/repository/org/javassist/javassist/3.24.0-GA/javassist-3.24.0-GA.jar
7fc895c1f000-7fc895c21000 r--s 0000d000 08:02 9186131                    /home/henrique/.m2/repository/org/jboss/logging/jboss-logging/3.4.1.Final/jboss-logging-3.4.1.Final.jar
7fc895c21000-7fc895ca6000 r--s 0064d000 08:02 9186129                    /home/henrique/.m2/repository/org/hibernate/hibernate-core/5.4.6.Final/hibernate-core-5.4.6.Final.jar
7fc895ca6000-7fc895ca7000 r--s 00003000 08:02 9186127                    /home/henrique/.m2/repository/jakarta/transaction/jakarta.transaction-api/1.3.3/jakarta.transaction-api-1.3.3.jar
7fc895ca7000-7fc895cad000 r--s 00023000 08:02 9186125                    /home/henrique/.m2/repository/jakarta/persistence/jakarta.persistence-api/2.2.3/jakarta.persistence-api-2.2.3.jar
7fc895cad000-7fc895caf000 r--s 00009000 08:02 9186123                    /home/henrique/.m2/repository/jakarta/activation/jakarta.activation-api/1.2.1/jakarta.activation-api-1.2.1.jar
7fc895caf000-7fc895cb9000 r--s 0005a000 08:02 9186121                    /home/henrique/.m2/repository/org/springframework/spring-jdbc/5.2.0.RELEASE/spring-jdbc-5.2.0.RELEASE.jar
7fc895cb9000-7fc895cbc000 r--s 00023000 08:02 9186119                    /home/henrique/.m2/repository/com/zaxxer/HikariCP/3.4.1/HikariCP-3.4.1.jar
7fc895cbc000-7fc895cbd000 r--s 00000000 08:02 9186117                    /home/henrique/.m2/repository/org/springframework/boot/spring-boot-starter-jdbc/2.2.0.RELEASE/spring-boot-starter-jdbc-2.2.0.RELEASE.jar
7fc895cbd000-7fc895cd6000 r--s 001da000 08:02 9186115                    /home/henrique/.m2/repository/org/aspectj/aspectjweaver/1.9.4/aspectjweaver-1.9.4.jar
7fc895cd6000-7fc895cd7000 r--s 00000000 08:02 9186113                    /home/henrique/.m2/repository/org/springframework/boot/spring-boot-starter-aop/2.2.0.RELEASE/spring-boot-starter-aop-2.2.0.RELEASE.jar
7fc895cd7000-7fc895cf2000 r--s 00142000 08:02 9186050                    /home/henrique/.m2/repository/org/springframework/spring-core/5.2.0.RELEASE/spring-core-5.2.0.RELEASE.jar
7fc895cf2000-7fc895d3a000 r--s 002e9000 08:02 9186046                    /home/henrique/.m2/repository/net/bytebuddy/byte-buddy/1.10.1/byte-buddy-1.10.1.jar
7fc895d3a000-7fc895d3e000 r--s 00019000 08:02 9186024                    /home/henrique/.m2/repository/jakarta/xml/bind/jakarta.xml.bind-api/2.3.2/jakarta.xml.bind-api-2.3.2.jar
7fc895d3e000-7fc895d59000 r--s 0010e000 08:02 9186012                    /home/henrique/.m2/repository/org/springframework/spring-context/5.2.0.RELEASE/spring-context-5.2.0.RELEASE.jar
7fc895d59000-7fc895d6b000 r--s 000d5000 08:02 9186008                    /home/henrique/.m2/repository/org/springframework/spring-webmvc/5.2.0.RELEASE/spring-webmvc-5.2.0.RELEASE.jar
7fc895d6b000-7fc895d78000 r--s 0009b000 08:02 9186006                    /home/henrique/.m2/repository/org/springframework/spring-beans/5.2.0.RELEASE/spring-beans-5.2.0.RELEASE.jar
7fc895d78000-7fc895d94000 r--s 0013c000 08:02 7483041                    /home/henrique/.m2/repository/org/springframework/spring-web/5.2.0.RELEASE/spring-web-5.2.0.RELEASE.jar
7fc895d94000-7fc895db1000 r--s 000fe000 08:02 9186004                    /home/henrique/.m2/repository/org/hibernate/validator/hibernate-validator/6.0.17.Final/hibernate-validator-6.0.17.Final.jar
7fc895db1000-7fc895dc2000 r-xp 00000000 08:02 8915357                    /opt/jdk/jdk1.8.0_101/jre/lib/amd64/libnio.so
7fc895dc2000-7fc895fc1000 ---p 00011000 08:02 8915357                    /opt/jdk/jdk1.8.0_101/jre/lib/amd64/libnio.so
7fc895fc1000-7fc895fc2000 rw-p 00010000 08:02 8915357                    /opt/jdk/jdk1.8.0_101/jre/lib/amd64/libnio.so
7fc895fc2000-7fc895fd8000 r-xp 00000000 08:02 8915361                    /opt/jdk/jdk1.8.0_101/jre/lib/amd64/libnet.so
7fc895fd8000-7fc8961d8000 ---p 00016000 08:02 8915361                    /opt/jdk/jdk1.8.0_101/jre/lib/amd64/libnet.so
7fc8961d8000-7fc8961d9000 rw-p 00016000 08:02 8915361                    /opt/jdk/jdk1.8.0_101/jre/lib/amd64/libnet.so
7fc8961d9000-7fc8961e2000 r-xp 00000000 08:02 8915358                    /opt/jdk/jdk1.8.0_101/jre/lib/amd64/libmanagement.so
7fc8961e2000-7fc8963e1000 ---p 00009000 08:02 8915358                    /opt/jdk/jdk1.8.0_101/jre/lib/amd64/libmanagement.so
7fc8963e1000-7fc8963e2000 rw-p 00008000 08:02 8915358                    /opt/jdk/jdk1.8.0_101/jre/lib/amd64/libmanagement.so
7fc8963e2000-7fc8963e5000 ---p 00000000 00:00 0 
7fc8963e5000-7fc8964e3000 rw-p 00000000 00:00 0 
7fc8964e3000-7fc8964e4000 ---p 00000000 00:00 0 
7fc8964e4000-7fc8964e7000 ---p 00000000 00:00 0 
7fc8964e7000-7fc8965e4000 rw-p 00000000 00:00 0 
7fc8965e4000-7fc8965e5000 ---p 00000000 00:00 0 
7fc8965e5000-7fc8965e8000 ---p 00000000 00:00 0 
7fc8965e8000-7fc8966e5000 rw-p 00000000 00:00 0 
7fc8966e5000-7fc8966e6000 ---p 00000000 00:00 0 
7fc8966e6000-7fc8966e9000 ---p 00000000 00:00 0 
7fc8966e9000-7fc8967e6000 rw-p 00000000 00:00 0 
7fc8967e6000-7fc8967e9000 ---p 00000000 00:00 0 
7fc8967e9000-7fc8968e7000 rw-p 00000000 00:00 0 
7fc8968e7000-7fc8968ea000 ---p 00000000 00:00 0 
7fc8968ea000-7fc8969e8000 rw-p 00000000 00:00 0 
7fc8969e8000-7fc8969eb000 ---p 00000000 00:00 0 
7fc8969eb000-7fc896ae9000 rw-p 00000000 00:00 0 
7fc896ae9000-7fc896aed000 r-xp 00000000 08:02 8915367                    /opt/jdk/jdk1.8.0_101/jre/lib/amd64/libdt_socket.so
7fc896aed000-7fc896cec000 ---p 00004000 08:02 8915367                    /opt/jdk/jdk1.8.0_101/jre/lib/amd64/libdt_socket.so
7fc896cec000-7fc896ced000 rw-p 00003000 08:02 8915367                    /opt/jdk/jdk1.8.0_101/jre/lib/amd64/libdt_socket.so
7fc896ced000-7fc896cf0000 ---p 00000000 00:00 0 
7fc896cf0000-7fc896dee000 rw-p 00000000 00:00 0 
7fc896dee000-7fc896df1000 ---p 00000000 00:00 0 
7fc896df1000-7fc896eef000 rw-p 00000000 00:00 0 
7fc896eef000-7fc896ef2000 ---p 00000000 00:00 0 
7fc896ef2000-7fc896ff0000 rw-p 00000000 00:00 0 
7fc896ff0000-7fc896ff1000 ---p 00000000 00:00 0 
7fc896ff1000-7fc898000000 rw-p 00000000 00:00 0 
7fc898000000-7fc898021000 rw-p 00000000 00:00 0 
7fc898021000-7fc89c000000 ---p 00000000 00:00 0 
7fc89c000000-7fc89c001000 r--s 00000000 08:02 9186111                    /home/henrique/.m2/repository/org/springframework/boot/spring-boot-starter-data-jpa/2.2.0.RELEASE/spring-boot-starter-data-jpa-2.2.0.RELEASE.jar
7fc89c001000-7fc89c002000 r--s 00005000 08:02 9186052                    /home/henrique/.m2/repository/org/springframework/spring-jcl/5.2.0.RELEASE/spring-jcl-5.2.0.RELEASE.jar
7fc89c002000-7fc89c00b000 r--s 00052000 08:02 9186010                    /home/henrique/.m2/repository/org/springframework/spring-aop/5.2.0.RELEASE/spring-aop-5.2.0.RELEASE.jar
7fc89c00b000-7fc89c036000 r--s 0030b000 08:02 8792227                    /home/henrique/.m2/repository/org/apache/tomcat/embed/tomcat-embed-core/9.0.27/tomcat-embed-core-9.0.27.jar
7fc89c036000-7fc89d000000 rw-p 00000000 00:00 0 
7fc89d000000-7fc89dbc0000 rwxp 00000000 00:00 0 
7fc89dbc0000-7fc8ac000000 ---p 00000000 00:00 0 
7fc8ac000000-7fc8ac7b3000 rw-p 00000000 00:00 0 
7fc8ac7b3000-7fc8b0000000 ---p 00000000 00:00 0 
7fc8b0000000-7fc8b0002000 r--s 00009000 08:02 9186022                    /home/henrique/.m2/repository/org/slf4j/slf4j-api/1.7.28/slf4j-api-1.7.28.jar
7fc8b0002000-7fc8b0007000 r--s 00040000 08:02 9186014                    /home/henrique/.m2/repository/org/springframework/spring-expression/5.2.0.RELEASE/spring-expression-5.2.0.RELEASE.jar
7fc8b0007000-7fc8b000c000 r--s 00012000 08:02 9186002                    /home/henrique/.m2/repository/jakarta/validation/jakarta.validation-api/2.0.1/jakarta.validation-api-2.0.1.jar
7fc8b000c000-7fc8b000d000 r--s 00000000 08:02 9186000                    /home/henrique/.m2/repository/org/springframework/boot/spring-boot-starter-validation/2.2.0.RELEASE/spring-boot-starter-validation-2.2.0.RELEASE.jar
7fc8b000d000-7fc8b0012000 r--s 0003c000 08:02 9057491                    /home/henrique/.m2/repository/org/apache/tomcat/embed/tomcat-embed-websocket/9.0.27/tomcat-embed-websocket-9.0.27.jar
7fc8b0012000-7fc8b0017000 r--s 0003a000 08:02 8923344                    /home/henrique/.m2/repository/org/apache/tomcat/embed/tomcat-embed-el/9.0.27/tomcat-embed-el-9.0.27.jar
7fc8b0017000-7fc8b0018000 r--s 00000000 08:02 8659996                    /home/henrique/.m2/repository/org/springframework/boot/spring-boot-starter-tomcat/2.2.0.RELEASE/spring-boot-starter-tomcat-2.2.0.RELEASE.jar
7fc8b0018000-7fc8b001a000 r--s 00001000 08:02 8544628                    /home/henrique/.m2/repository/com/fasterxml/jackson/module/jackson-module-parameter-names/2.10.0/jackson-module-parameter-names-2.10.0.jar
7fc8b001a000-7fc8b001d000 r--s 00017000 08:02 8410790                    /home/henrique/.m2/repository/com/fasterxml/jackson/datatype/jackson-datatype-jsr310/2.10.0/jackson-datatype-jsr310-2.10.0.jar
7fc8b001d000-7fc8b001f000 r--s 00007000 08:02 8135522                    /home/henrique/.m2/repository/com/fasterxml/jackson/datatype/jackson-datatype-jdk8/2.10.0/jackson-datatype-jdk8-2.10.0.jar
7fc8b001f000-7fc8b0024000 r--s 00051000 08:02 8015841                    /home/henrique/.m2/repository/com/fasterxml/jackson/core/jackson-core/2.10.0/jackson-core-2.10.0.jar
7fc8b0024000-7fc8b0027000 r--s 0000e000 08:02 7876697                    /home/henrique/.m2/repository/com/fasterxml/jackson/core/jackson-annotations/2.10.0/jackson-annotations-2.10.0.jar
7fc8b0027000-7fc8b003d000 r--s 00141000 08:02 7609075                    /home/henrique/.m2/repository/com/fasterxml/jackson/core/jackson-databind/2.10.0/jackson-databind-2.10.0.jar
7fc8b003d000-7fc8b003e000 r--s 00000000 08:02 7353070                    /home/henrique/.m2/repository/org/springframework/boot/spring-boot-starter-json/2.2.0.RELEASE/spring-boot-starter-json-2.2.0.RELEASE.jar
7fc8b003e000-7fc8b0045000 r--s 00044000 08:02 7225081                    /home/henrique/.m2/repository/org/yaml/snakeyaml/1.25/snakeyaml-1.25.jar
7fc8b0045000-7fc8b0139000 rw-p 00000000 00:00 0 
7fc8b0139000-7fc8b0312000 r--s 03d29000 08:02 8915270                    /opt/jdk/jdk1.8.0_101/jre/lib/rt.jar
7fc8b0312000-7fc8b0388000 rw-p 00000000 00:00 0 
7fc8b0388000-7fc8b0389000 ---p 00000000 00:00 0 
7fc8b0389000-7fc8b0489000 rw-p 00000000 00:00 0 
7fc8b0489000-7fc8b048a000 ---p 00000000 00:00 0 
7fc8b048a000-7fc8b058a000 rw-p 00000000 00:00 0 
7fc8b058a000-7fc8b058b000 ---p 00000000 00:00 0 
7fc8b058b000-7fc8b068b000 rw-p 00000000 00:00 0 
7fc8b068b000-7fc8b068c000 ---p 00000000 00:00 0 
7fc8b068c000-7fc8b0819000 rw-p 00000000 00:00 0 
7fc8b0819000-7fc8b0cbe000 ---p 00000000 00:00 0 
7fc8b0cbe000-7fc8b0d4b000 rw-p 00000000 00:00 0 
7fc8b0d4b000-7fc8b11ef000 ---p 00000000 00:00 0 
7fc8b11ef000-7fc8b1299000 rw-p 00000000 00:00 0 
7fc8b1299000-7fc8b1488000 ---p 00000000 00:00 0 
7fc8b1488000-7fc8b14b8000 rw-p 00000000 00:00 0 
7fc8b14b8000-7fc8b1849000 ---p 00000000 00:00 0 
7fc8b1849000-7fc8b1863000 r-xp 00000000 08:02 8915366                    /opt/jdk/jdk1.8.0_101/jre/lib/amd64/libzip.so
7fc8b1863000-7fc8b1a63000 ---p 0001a000 08:02 8915366                    /opt/jdk/jdk1.8.0_101/jre/lib/amd64/libzip.so
7fc8b1a63000-7fc8b1a64000 rw-p 0001a000 08:02 8915366                    /opt/jdk/jdk1.8.0_101/jre/lib/amd64/libzip.so
7fc8b1a64000-7fc8b1a6f000 r-xp 00000000 08:02 6820981                    /lib/x86_64-linux-gnu/libnss_files-2.27.so
7fc8b1a6f000-7fc8b1c6e000 ---p 0000b000 08:02 6820981                    /lib/x86_64-linux-gnu/libnss_files-2.27.so
7fc8b1c6e000-7fc8b1c6f000 r--p 0000a000 08:02 6820981                    /lib/x86_64-linux-gnu/libnss_files-2.27.so
7fc8b1c6f000-7fc8b1c70000 rw-p 0000b000 08:02 6820981                    /lib/x86_64-linux-gnu/libnss_files-2.27.so
7fc8b1c70000-7fc8b1c76000 rw-p 00000000 00:00 0 
7fc8b1c76000-7fc8b1c8d000 r-xp 00000000 08:02 6820978                    /lib/x86_64-linux-gnu/libnsl-2.27.so
7fc8b1c8d000-7fc8b1e8c000 ---p 00017000 08:02 6820978                    /lib/x86_64-linux-gnu/libnsl-2.27.so
7fc8b1e8c000-7fc8b1e8d000 r--p 00016000 08:02 6820978                    /lib/x86_64-linux-gnu/libnsl-2.27.so
7fc8b1e8d000-7fc8b1e8e000 rw-p 00017000 08:02 6820978                    /lib/x86_64-linux-gnu/libnsl-2.27.so
7fc8b1e8e000-7fc8b1e90000 rw-p 00000000 00:00 0 
7fc8b1e90000-7fc8b1e9b000 r-xp 00000000 08:02 6820983                    /lib/x86_64-linux-gnu/libnss_nis-2.27.so
7fc8b1e9b000-7fc8b209a000 ---p 0000b000 08:02 6820983                    /lib/x86_64-linux-gnu/libnss_nis-2.27.so
7fc8b209a000-7fc8b209b000 r--p 0000a000 08:02 6820983                    /lib/x86_64-linux-gnu/libnss_nis-2.27.so
7fc8b209b000-7fc8b209c000 rw-p 0000b000 08:02 6820983                    /lib/x86_64-linux-gnu/libnss_nis-2.27.so
7fc8b209c000-7fc8b20a4000 r-xp 00000000 08:02 6820979                    /lib/x86_64-linux-gnu/libnss_compat-2.27.so
7fc8b20a4000-7fc8b22a4000 ---p 00008000 08:02 6820979                    /lib/x86_64-linux-gnu/libnss_compat-2.27.so
7fc8b22a4000-7fc8b22a5000 r--p 00008000 08:02 6820979                    /lib/x86_64-linux-gnu/libnss_compat-2.27.so
7fc8b22a5000-7fc8b22a6000 rw-p 00009000 08:02 6820979                    /lib/x86_64-linux-gnu/libnss_compat-2.27.so
7fc8b22a6000-7fc8b2586000 r--p 00000000 08:02 530419                     /usr/lib/locale/locale-archive
7fc8b2586000-7fc8b2588000 r-xp 00000000 08:02 8915322                    /opt/jdk/jdk1.8.0_101/jre/lib/amd64/libnpt.so
7fc8b2588000-7fc8b2788000 ---p 00002000 08:02 8915322                    /opt/jdk/jdk1.8.0_101/jre/lib/amd64/libnpt.so
7fc8b2788000-7fc8b2789000 rw-p 00002000 08:02 8915322                    /opt/jdk/jdk1.8.0_101/jre/lib/amd64/libnpt.so
7fc8b2789000-7fc8b27c2000 r-xp 00000000 08:02 8915363                    /opt/jdk/jdk1.8.0_101/jre/lib/amd64/libjdwp.so
7fc8b27c2000-7fc8b29c1000 ---p 00039000 08:02 8915363                    /opt/jdk/jdk1.8.0_101/jre/lib/amd64/libjdwp.so
7fc8b29c1000-7fc8b29c3000 rw-p 00038000 08:02 8915363                    /opt/jdk/jdk1.8.0_101/jre/lib/amd64/libjdwp.so
7fc8b29c3000-7fc8b29ed000 r-xp 00000000 08:02 8915324                    /opt/jdk/jdk1.8.0_101/jre/lib/amd64/libjava.so
7fc8b29ed000-7fc8b2bed000 ---p 0002a000 08:02 8915324                    /opt/jdk/jdk1.8.0_101/jre/lib/amd64/libjava.so
7fc8b2bed000-7fc8b2bef000 rw-p 0002a000 08:02 8915324                    /opt/jdk/jdk1.8.0_101/jre/lib/amd64/libjava.so
7fc8b2bef000-7fc8b2bfc000 r-xp 00000000 08:02 8915355                    /opt/jdk/jdk1.8.0_101/jre/lib/amd64/libverify.so
7fc8b2bfc000-7fc8b2dfc000 ---p 0000d000 08:02 8915355                    /opt/jdk/jdk1.8.0_101/jre/lib/amd64/libverify.so
7fc8b2dfc000-7fc8b2dfe000 rw-p 0000d000 08:02 8915355                    /opt/jdk/jdk1.8.0_101/jre/lib/amd64/libverify.so
7fc8b2dfe000-7fc8b2e05000 r-xp 00000000 08:02 6824303                    /lib/x86_64-linux-gnu/librt-2.27.so
7fc8b2e05000-7fc8b3004000 ---p 00007000 08:02 6824303                    /lib/x86_64-linux-gnu/librt-2.27.so
7fc8b3004000-7fc8b3005000 r--p 00006000 08:02 6824303                    /lib/x86_64-linux-gnu/librt-2.27.so
7fc8b3005000-7fc8b3006000 rw-p 00007000 08:02 6824303                    /lib/x86_64-linux-gnu/librt-2.27.so
7fc8b3006000-7fc8b31a3000 r-xp 00000000 08:02 6820975                    /lib/x86_64-linux-gnu/libm-2.27.so
7fc8b31a3000-7fc8b33a2000 ---p 0019d000 08:02 6820975                    /lib/x86_64-linux-gnu/libm-2.27.so
7fc8b33a2000-7fc8b33a3000 r--p 0019c000 08:02 6820975                    /lib/x86_64-linux-gnu/libm-2.27.so
7fc8b33a3000-7fc8b33a4000 rw-p 0019d000 08:02 6820975                    /lib/x86_64-linux-gnu/libm-2.27.so
7fc8b33a4000-7fc8b406f000 r-xp 00000000 08:02 8915332                    /opt/jdk/jdk1.8.0_101/jre/lib/amd64/server/libjvm.so
7fc8b406f000-7fc8b426e000 ---p 00ccb000 08:02 8915332                    /opt/jdk/jdk1.8.0_101/jre/lib/amd64/server/libjvm.so
7fc8b426e000-7fc8b4347000 rw-p 00cca000 08:02 8915332                    /opt/jdk/jdk1.8.0_101/jre/lib/amd64/server/libjvm.so
7fc8b4347000-7fc8b4392000 rw-p 00000000 00:00 0 
7fc8b4392000-7fc8b4579000 r-xp 00000000 08:02 6820971                    /lib/x86_64-linux-gnu/libc-2.27.so
7fc8b4579000-7fc8b4779000 ---p 001e7000 08:02 6820971                    /lib/x86_64-linux-gnu/libc-2.27.so
7fc8b4779000-7fc8b477d000 r--p 001e7000 08:02 6820971                    /lib/x86_64-linux-gnu/libc-2.27.so
7fc8b477d000-7fc8b477f000 rw-p 001eb000 08:02 6820971                    /lib/x86_64-linux-gnu/libc-2.27.so
7fc8b477f000-7fc8b4783000 rw-p 00000000 00:00 0 
7fc8b4783000-7fc8b4786000 r-xp 00000000 08:02 6820974                    /lib/x86_64-linux-gnu/libdl-2.27.so
7fc8b4786000-7fc8b4985000 ---p 00003000 08:02 6820974                    /lib/x86_64-linux-gnu/libdl-2.27.so
7fc8b4985000-7fc8b4986000 r--p 00002000 08:02 6820974                    /lib/x86_64-linux-gnu/libdl-2.27.so
7fc8b4986000-7fc8b4987000 rw-p 00003000 08:02 6820974                    /lib/x86_64-linux-gnu/libdl-2.27.so
7fc8b4987000-7fc8b499c000 r-xp 00000000 08:02 8913989                    /opt/jdk/jdk1.8.0_101/lib/amd64/jli/libjli.so
7fc8b499c000-7fc8b4b9c000 ---p 00015000 08:02 8913989                    /opt/jdk/jdk1.8.0_101/lib/amd64/jli/libjli.so
7fc8b4b9c000-7fc8b4b9d000 rw-p 00015000 08:02 8913989                    /opt/jdk/jdk1.8.0_101/lib/amd64/jli/libjli.so
7fc8b4b9d000-7fc8b4bb7000 r-xp 00000000 08:02 6824301                    /lib/x86_64-linux-gnu/libpthread-2.27.so
7fc8b4bb7000-7fc8b4db6000 ---p 0001a000 08:02 6824301                    /lib/x86_64-linux-gnu/libpthread-2.27.so
7fc8b4db6000-7fc8b4db7000 r--p 00019000 08:02 6824301                    /lib/x86_64-linux-gnu/libpthread-2.27.so
7fc8b4db7000-7fc8b4db8000 rw-p 0001a000 08:02 6824301                    /lib/x86_64-linux-gnu/libpthread-2.27.so
7fc8b4db8000-7fc8b4dbc000 rw-p 00000000 00:00 0 
7fc8b4dbc000-7fc8b4de3000 r-xp 00000000 08:02 6820940                    /lib/x86_64-linux-gnu/ld-2.27.so
7fc8b4de3000-7fc8b4de5000 r--s 00005000 08:02 3679604                    /home/henrique/.m2/repository/jakarta/annotation/jakarta.annotation-api/1.3.5/jakarta.annotation-api-1.3.5.jar
7fc8b4de5000-7fc8b4de7000 r--s 00000000 08:02 6302487                    /home/henrique/.m2/repository/org/slf4j/jul-to-slf4j/1.7.28/jul-to-slf4j-1.7.28.jar
7fc8b4de7000-7fc8b4ded000 r--s 0003e000 08:02 6163970                    /home/henrique/.m2/repository/org/apache/logging/log4j/log4j-api/2.12.1/log4j-api-2.12.1.jar
7fc8b4ded000-7fc8b4def000 r--s 00003000 08:02 9185998                    /home/henrique/.m2/repository/org/apache/logging/log4j/log4j-to-slf4j/2.12.1/log4j-to-slf4j-2.12.1.jar
7fc8b4def000-7fc8b4ec0000 rw-p 00000000 00:00 0 
7fc8b4ec0000-7fc8b4ec1000 ---p 00000000 00:00 0 
7fc8b4ec1000-7fc8b4ec4000 ---p 00000000 00:00 0 
7fc8b4ec4000-7fc8b4fc5000 rw-p 00000000 00:00 0 
7fc8b4fc5000-7fc8b4fd0000 r--s 00069000 08:02 6161509                    /home/henrique/.m2/repository/ch/qos/logback/logback-core/1.2.3/logback-core-1.2.3.jar
7fc8b4fd0000-7fc8b4fd6000 r--s 00041000 08:02 6161507                    /home/henrique/.m2/repository/ch/qos/logback/logback-classic/1.2.3/logback-classic-1.2.3.jar
7fc8b4fd6000-7fc8b4fd7000 r--s 00000000 08:02 9185996                    /home/henrique/.m2/repository/org/springframework/boot/spring-boot-starter-logging/2.2.0.RELEASE/spring-boot-starter-logging-2.2.0.RELEASE.jar
7fc8b4fd7000-7fc8b4fd8000 r--s 00000000 08:02 9185994                    /home/henrique/.m2/repository/org/springframework/boot/spring-boot-starter/2.2.0.RELEASE/spring-boot-starter-2.2.0.RELEASE.jar
7fc8b4fd8000-7fc8b4fd9000 r--s 00000000 08:02 9185992                    /home/henrique/.m2/repository/org/springframework/boot/spring-boot-starter-web/2.2.0.RELEASE/spring-boot-starter-web-2.2.0.RELEASE.jar
7fc8b4fd9000-7fc8b4fe1000 rw-s 00000000 08:02 11810089                   /tmp/hsperfdata_henrique/20409
7fc8b4fe1000-7fc8b4fe2000 rw-p 00000000 00:00 0 
7fc8b4fe2000-7fc8b4fe3000 r--p 00000000 00:00 0 
7fc8b4fe3000-7fc8b4fe4000 r--p 00027000 08:02 6820940                    /lib/x86_64-linux-gnu/ld-2.27.so
7fc8b4fe4000-7fc8b4fe5000 rw-p 00028000 08:02 6820940                    /lib/x86_64-linux-gnu/ld-2.27.so
7fc8b4fe5000-7fc8b4fe6000 rw-p 00000000 00:00 0 
7ffd4a807000-7ffd4a82a000 rw-p 00000000 00:00 0                          [stack]
7ffd4a82a000-7ffd4a82d000 r--p 00000000 00:00 0                          [vvar]
7ffd4a82d000-7ffd4a82e000 r-xp 00000000 00:00 0                          [vdso]
ffffffffff600000-ffffffffff601000 r-xp 00000000 00:00 0                  [vsyscall]

VM Arguments:
jvm_args: -agentlib:jdwp=transport=dt_socket,suspend=y,address=localhost:45001 -Dcom.sun.management.jmxremote -Dcom.sun.management.jmxremote.port=35895 -Dcom.sun.management.jmxremote.authenticate=false -Dcom.sun.management.jmxremote.ssl=false -Djava.rmi.server.hostname=localhost -Dspring.jmx.enabled=true -Dspring.application.admin.enabled=true -Djava.security.egd=file:/dev/./urandom -Xverify:none -XX:TieredStopAtLevel=1 -Dfile.encoding=UTF-8 
java_command: com.nelioalves.cursomc.CursomcApplication --spring.output.ansi.enabled=always
java_class_path (initial): /home/henrique/Documentos/Curso/SpringBoot/workspace/cursonmc/target/classes:/home/henrique/.m2/repository/org/springframework/boot/spring-boot-starter-web/2.2.0.RELEASE/spring-boot-starter-web-2.2.0.RELEASE.jar:/home/henrique/.m2/repository/org/springframework/boot/spring-boot-starter/2.2.0.RELEASE/spring-boot-starter-2.2.0.RELEASE.jar:/home/henrique/.m2/repository/org/springframework/boot/spring-boot-starter-logging/2.2.0.RELEASE/spring-boot-starter-logging-2.2.0.RELEASE.jar:/home/henrique/.m2/repository/ch/qos/logback/logback-classic/1.2.3/logback-classic-1.2.3.jar:/home/henrique/.m2/repository/ch/qos/logback/logback-core/1.2.3/logback-core-1.2.3.jar:/home/henrique/.m2/repository/org/apache/logging/log4j/log4j-to-slf4j/2.12.1/log4j-to-slf4j-2.12.1.jar:/home/henrique/.m2/repository/org/apache/logging/log4j/log4j-api/2.12.1/log4j-api-2.12.1.jar:/home/henrique/.m2/repository/org/slf4j/jul-to-slf4j/1.7.28/jul-to-slf4j-1.7.28.jar:/home/henrique/.m2/repository/jakarta/annotation/jakarta.annotation-api/1.3.5/jakarta.annotation-api-1.3.5.jar:/home/henrique/.m2/repository/org/yaml/snakeyaml/1.25/snakeyaml-1.25.jar:/home/henrique/.m2/repository/org/springframework/boot/spring-boot-starter-json/2.2.0.RELEASE/spring-boot-starter-json-2.2.0.RELEASE.jar:/home/henrique/.m2/repository/com/fasterxml/jackson/core/jackson-databind/2.10.0/jackson-databind-2.10.0.jar:/home/henrique/.m2/repository/com/fasterxml/jackson/core/jackson-annotations/2.10.0/jackson-annotations-2.10.0.jar:/home/henrique/.m2/repository/com/fasterxml/jackson/core/jackson-core/2.10.0/jackson-core-2.10.0.jar:/home/henrique/.m2/repository/com/fasterxml/jackson/datatype/jackson-datatype-jdk8/2.10.0/jackson-datatype-jdk8-2.10.0.jar:/home/henrique/.m2/repository/com/fasterxml/jackson/datatype/jackson-datatype-jsr310/2.10.0/jackson-datatype-jsr310-2.10.0.jar:/home/henrique/.m2/repository/com/fasterxml/jackson/module/jackson-module-parameter-names/2.10.0/jackson-module-parameter-names-2.10.
Launcher Type: SUN_STANDARD

Environment Variables:
JAVA_HOME=/opt/jdk/jdk1.8.0_101
PATH=/usr/local/sbin:/usr/local/bin:/usr/sbin:/usr/bin:/sbin:/bin:/usr/games:/usr/local/games:/snap/bin:/opt/CollabNet_Subversion/bin:/opt/jdk/jdk1.8.0_101:/opt/apache/apache-maven-3.1.1:/opt/apache-ant-1.8.4
SHELL=/bin/bash
DISPLAY=:0

Signal Handlers:
SIGSEGV: [libjvm.so+0xac4790], sa_mask[0]=11111111011111111101111111111110, sa_flags=SA_RESTART|SA_SIGINFO
SIGBUS: [libjvm.so+0xac4790], sa_mask[0]=11111111011111111101111111111110, sa_flags=SA_RESTART|SA_SIGINFO
SIGFPE: [libjvm.so+0x91f140], sa_mask[0]=11111111011111111101111111111110, sa_flags=SA_RESTART|SA_SIGINFO
SIGPIPE: [libjvm.so+0x91f140], sa_mask[0]=11111111011111111101111111111110, sa_flags=SA_RESTART|SA_SIGINFO
SIGXFSZ: [libjvm.so+0x91f140], sa_mask[0]=11111111011111111101111111111110, sa_flags=SA_RESTART|SA_SIGINFO
SIGILL: [libjvm.so+0x91f140], sa_mask[0]=11111111011111111101111111111110, sa_flags=SA_RESTART|SA_SIGINFO
SIGUSR1: SIG_DFL, sa_mask[0]=00000000000000000000000000000000, sa_flags=none
SIGUSR2: [libjvm.so+0x920770], sa_mask[0]=00100000000000000000000000000000, sa_flags=SA_RESTART|SA_SIGINFO
SIGHUP: [libjvm.so+0x921b70], sa_mask[0]=11111111011111111101111111111110, sa_flags=SA_RESTART|SA_SIGINFO
SIGINT: [libjvm.so+0x921b70], sa_mask[0]=11111111011111111101111111111110, sa_flags=SA_RESTART|SA_SIGINFO
SIGTERM: [libjvm.so+0x921b70], sa_mask[0]=11111111011111111101111111111110, sa_flags=SA_RESTART|SA_SIGINFO
SIGQUIT: [libjvm.so+0x921b70], sa_mask[0]=11111111011111111101111111111110, sa_flags=SA_RESTART|SA_SIGINFO


---------------  S Y S T E M  ---------------

OS:DISTRIB_ID=LinuxMint
DISTRIB_RELEASE=19.3
DISTRIB_CODENAME=tricia
DISTRIB_DESCRIPTION="Linux Mint 19.3 Tricia"

uname:Linux 5.0.0-32-generic #34~18.04.2-Ubuntu SMP Thu Oct 10 10:36:02 UTC 2019 x86_64
libc:glibc 2.27 NPTL 2.27 
rlimit: STACK 8192k, CORE 0k, NPROC 63510, NOFILE 1048576, AS infinity
load average:0,97 1,95 1,62

/proc/meminfo:
MemTotal:       16329428 kB
MemFree:          965864 kB
MemAvailable:    5377092 kB
Buffers:          354408 kB
Cached:          4584992 kB
SwapCached:            0 kB
Active:         11905908 kB
Inactive:        2607668 kB
Active(anon):    9536120 kB
Inactive(anon):   627328 kB
Active(file):    2369788 kB
Inactive(file):  1980340 kB
Unevictable:      150972 kB
Mlocked:             176 kB
SwapTotal:       8002556 kB
SwapFree:        8002556 kB
Dirty:               512 kB
Writeback:             0 kB
AnonPages:       9725164 kB
Mapped:          1202872 kB
Shmem:            589756 kB
KReclaimable:     397280 kB
Slab:             505772 kB
SReclaimable:     397280 kB
SUnreclaim:       108492 kB
KernelStack:       18832 kB
PageTables:        88556 kB
NFS_Unstable:          0 kB
Bounce:                0 kB
WritebackTmp:          0 kB
CommitLimit:    16167268 kB
Committed_AS:   19691128 kB
VmallocTotal:   34359738367 kB
VmallocUsed:           0 kB
VmallocChunk:          0 kB
Percpu:             2048 kB
HardwareCorrupted:     0 kB
AnonHugePages:         0 kB
ShmemHugePages:        0 kB
ShmemPmdMapped:        0 kB
CmaTotal:              0 kB
CmaFree:               0 kB
HugePages_Total:       0
HugePages_Free:        0
HugePages_Rsvd:        0
HugePages_Surp:        0
Hugepagesize:       2048 kB
Hugetlb:               0 kB
DirectMap4k:      299572 kB
DirectMap2M:    13238272 kB
DirectMap1G:     4194304 kB


CPU:total 4 (4 cores per cpu, 1 threads per core) family 6 model 60 stepping 3, cmov, cx8, fxsr, mmx, sse, sse2, sse3, ssse3, sse4.1, sse4.2, popcnt, avx, avx2, aes, clmul, erms, lzcnt, tsc, tscinvbit, bmi1, bmi2

/proc/cpuinfo:
processor	: 0
vendor_id	: GenuineIntel
cpu family	: 6
model		: 60
model name	: Intel(R) Core(TM) i5-4590 CPU @ 3.30GHz
stepping	: 3
microcode	: 0x1c
cpu MHz		: 3301.544
cache size	: 6144 KB
physical id	: 0
siblings	: 4
core id		: 0
cpu cores	: 4
apicid		: 0
initial apicid	: 0
fpu		: yes
fpu_exception	: yes
cpuid level	: 13
wp		: yes
flags		: fpu vme de pse tsc msr pae mce cx8 apic sep mtrr pge mca cmov pat pse36 clflush dts acpi mmx fxsr sse sse2 ss ht tm pbe syscall nx pdpe1gb rdtscp lm constant_tsc arch_perfmon pebs bts rep_good nopl xtopology nonstop_tsc cpuid aperfmperf pni pclmulqdq dtes64 monitor ds_cpl vmx smx est tm2 ssse3 sdbg fma cx16 xtpr pdcm pcid sse4_1 sse4_2 x2apic movbe popcnt aes xsave avx f16c rdrand lahf_lm abm cpuid_fault epb invpcid_single pti tpr_shadow vnmi flexpriority ept vpid ept_ad fsgsbase tsc_adjust bmi1 avx2 smep bmi2 erms invpcid xsaveopt dtherm ida arat pln pts
bugs		: cpu_meltdown spectre_v1 spectre_v2 spec_store_bypass l1tf mds swapgs
bogomips	: 6584.49
clflush size	: 64
cache_alignment	: 64
address sizes	: 39 bits physical, 48 bits virtual
power management:

processor	: 1
vendor_id	: GenuineIntel
cpu family	: 6
model		: 60
model name	: Intel(R) Core(TM) i5-4590 CPU @ 3.30GHz
stepping	: 3
microcode	: 0x1c
cpu MHz		: 3292.880
cache size	: 6144 KB
physical id	: 0
siblings	: 4
core id		: 1
cpu cores	: 4
apicid		: 2
initial apicid	: 2
fpu		: yes
fpu_exception	: yes
cpuid level	: 13
wp		: yes
flags		: fpu vme de pse tsc msr pae mce cx8 apic sep mtrr pge mca cmov pat pse36 clflush dts acpi mmx fxsr sse sse2 ss ht tm pbe syscall nx pdpe1gb rdtscp lm constant_tsc arch_perfmon pebs bts rep_good nopl xtopology nonstop_tsc cpuid aperfmperf pni pclmulqdq dtes64 monitor ds_cpl vmx smx est tm2 ssse3 sdbg fma cx16 xtpr pdcm pcid sse4_1 sse4_2 x2apic movbe popcnt aes xsave avx f16c rdrand lahf_lm abm cpuid_fault epb invpcid_single pti tpr_shadow vnmi flexpriority ept vpid ept_ad fsgsbase tsc_adjust bmi1 avx2 smep bmi2 erms invpcid xsaveopt dtherm ida arat pln pts
bugs		: cpu_meltdown spectre_v1 spectre_v2 spec_store_bypass l1tf mds swapgs
bogomips	: 6584.49
clflush size	: 64
cache_alignment	: 64
address sizes	: 39 bits physical, 48 bits virtual
power management:

processor	: 2
vendor_id	: GenuineIntel
cpu family	: 6
model		: 60
model name	: Intel(R) Core(TM) i5-4590 CPU @ 3.30GHz
stepping	: 3
microcode	: 0x1c
cpu MHz		: 3323.325
cache size	: 6144 KB
physical id	: 0
siblings	: 4
core id		: 2
cpu cores	: 4
apicid		: 4
initial apicid	: 4
fpu		: yes
fpu_exception	: yes
cpuid level	: 13
wp		: yes
flags		: fpu vme de pse tsc msr pae mce cx8 apic sep mtrr pge mca cmov pat pse36 clflush dts acpi mmx fxsr sse sse2 ss ht tm pbe syscall nx pdpe1gb rdtscp lm constant_tsc arch_perfmon pebs bts rep_good nopl xtopology nonstop_tsc cpuid aperfmperf pni pclmulqdq dtes64 monitor ds_cpl vmx smx est tm2 ssse3 sdbg fma cx16 xtpr pdcm pcid sse4_1 sse4_2 x2apic movbe popcnt aes xsave avx f16c rdrand lahf_lm abm cpuid_fault epb invpcid_single pti tpr_shadow vnmi flexpriority ept vpid ept_ad fsgsbase tsc_adjust bmi1 avx2 smep bmi2 erms invpcid xsaveopt dtherm ida arat pln pts
bugs		: cpu_meltdown spectre_v1 spectre_v2 spec_store_bypass l1tf mds swapgs
bogomips	: 6584.49
clflush size	: 64
cache_alignment	: 64
address sizes	: 39 bits physical, 48 bits virtual
power management:

processor	: 3
vendor_id	: GenuineIntel
cpu family	: 6
model		: 60
model name	: Intel(R) Core(TM) i5-4590 CPU @ 3.30GHz
stepping	: 3
microcode	: 0x1c
cpu MHz		: 3293.751
cache size	: 6144 KB
physical id	: 0
siblings	: 4
core id		: 3
cpu cores	: 4
apicid		: 6
initial apicid	: 6
fpu		: yes
fpu_exception	: yes
cpuid level	: 13
wp		: yes
flags		: fpu vme de pse tsc msr pae mce cx8 apic sep mtrr pge mca cmov pat pse36 clflush dts acpi mmx fxsr sse sse2 ss ht tm pbe syscall nx pdpe1gb rdtscp lm constant_tsc arch_perfmon pebs bts rep_good nopl xtopology nonstop_tsc cpuid aperfmperf pni pclmulqdq dtes64 monitor ds_cpl vmx smx est tm2 ssse3 sdbg fma cx16 xtpr pdcm pcid sse4_1 sse4_2 x2apic movbe popcnt aes xsave avx f16c rdrand lahf_lm abm cpuid_fault epb invpcid_single pti tpr_shadow vnmi flexpriority ept vpid ept_ad fsgsbase tsc_adjust bmi1 avx2 smep bmi2 erms invpcid xsaveopt dtherm ida arat pln pts
bugs		: cpu_meltdown spectre_v1 spectre_v2 spec_store_bypass l1tf mds swapgs
bogomips	: 6584.49
clflush size	: 64
cache_alignment	: 64
address sizes	: 39 bits physical, 48 bits virtual
power management:



Memory: 4k page, physical 16329428k(966012k free), swap 8002556k(8002556k free)

vm_info: Java HotSpot(TM) 64-Bit Server VM (25.101-b13) for linux-amd64 JRE (1.8.0_101-b13), built on Jun 22 2016 02:59:44 by "java_re" with gcc 4.3.0 20080428 (Red Hat 4.3.0-8)

time: Wed Jul 29 21:16:47 2020
elapsed time: 360 seconds (0d 0h 6m 0s)

